2017-03-12 16:54:26,444 [Worker-14] INFO  o.e.m.c.i.p.ProjectConfigurationManager - Collecting project info '/pom.xml' E:\DevOps\Project2\online-collaboration\Online-Collaborate\pom.xml
2017-03-12 16:54:40,309 [Worker-14] INFO  o.e.m.c.i.l.LifecycleMappingFactory - Using org.maven.ide.eclipse.wtp.WarLifecycleMapping lifecycle mapping for MavenProject: com.coll:Online-Collaborate:0.0.1-SNAPSHOT @ E:\DevOps\Project2\online-collaboration\Online-Collaborate\pom.xml.
2017-03-12 16:54:45,307 [Worker-14] INFO  o.e.m.j.i.AbstractJavaProjectConfigurator - Adding source folder /Online-Collaborate/src/main/java
2017-03-12 16:54:45,308 [Worker-14] INFO  o.e.m.j.i.AbstractJavaProjectConfigurator - Adding resource folder /Online-Collaborate/src/main/resources
2017-03-12 16:54:45,309 [Worker-14] INFO  o.e.m.j.i.AbstractJavaProjectConfigurator - Adding source folder /Online-Collaborate/src/test/java
2017-03-12 16:54:59,356 [Worker-14] INFO  o.e.m.c.i.p.ProjectConfigurationManager - Imported and configured 1 project(s) in 32 sec
2017-03-12 16:54:59,956 [Worker-17] WARN  o.e.m.c.i.embedder.EclipseLogger - Using platform encoding (Cp1252 actually) to copy filtered resources, i.e. build is platform dependent!
2017-03-12 16:54:59,971 [Worker-17] INFO  o.e.m.c.i.embedder.EclipseLogger - Copying 0 resource
2017-03-12 16:54:59,977 [Worker-17] WARN  o.e.m.c.i.embedder.EclipseLogger - Using platform encoding (Cp1252 actually) to copy filtered resources, i.e. build is platform dependent!
2017-03-12 16:54:59,980 [Worker-17] INFO  o.e.m.c.i.embedder.EclipseLogger - skip non existing resourceDirectory E:\DevOps\Project2\online-collaboration\Online-Collaborate\src\test\resources
2017-03-12 16:55:05,437 [Worker-4] WARN  o.e.m.c.i.embedder.EclipseLogger - Using platform encoding (Cp1252 actually) to copy filtered resources, i.e. build is platform dependent!
2017-03-12 16:55:05,444 [Worker-4] INFO  o.e.m.c.i.embedder.EclipseLogger - Copying 0 resource
2017-03-12 16:55:05,446 [Worker-4] WARN  o.e.m.c.i.embedder.EclipseLogger - Using platform encoding (Cp1252 actually) to copy filtered resources, i.e. build is platform dependent!
2017-03-12 16:55:05,449 [Worker-4] INFO  o.e.m.c.i.embedder.EclipseLogger - skip non existing resourceDirectory E:\DevOps\Project2\online-collaboration\Online-Collaborate\src\test\resources
2017-03-12 18:02:26,106 [Worker-25] INFO  o.e.m.c.i.l.LifecycleMappingFactory - Using org.maven.ide.eclipse.wtp.WarLifecycleMapping lifecycle mapping for MavenProject: com.coll:Online-Collaborate:0.0.1-SNAPSHOT @ E:\DevOps\Project2\online-collaboration\Online-Collaborate\pom.xml.
2017-03-12 18:02:27,664 [Worker-25] WARN  o.e.m.c.i.embedder.EclipseLogger - Using platform encoding (Cp1252 actually) to copy filtered resources, i.e. build is platform dependent!
2017-03-12 18:02:27,682 [Worker-25] INFO  o.e.m.c.i.embedder.EclipseLogger - Copying 0 resource
2017-03-12 18:02:28,370 [Worker-20] INFO  o.e.m.c.i.l.LifecycleMappingFactory - Using org.maven.ide.eclipse.wtp.WarLifecycleMapping lifecycle mapping for MavenProject: com.coll:Online-Collaborate:0.0.1-SNAPSHOT @ E:\DevOps\Project2\online-collaboration\Online-Collaborate\pom.xml.
2017-03-12 18:02:28,371 [Worker-25] WARN  o.e.m.c.i.embedder.EclipseLogger - Using platform encoding (Cp1252 actually) to copy filtered resources, i.e. build is platform dependent!
2017-03-12 18:02:28,375 [Worker-25] INFO  o.e.m.c.i.embedder.EclipseLogger - skip non existing resourceDirectory E:\DevOps\Project2\online-collaboration\Online-Collaborate\src\test\resources
2017-03-12 18:02:30,700 [Worker-20] WARN  o.e.m.c.i.embedder.EclipseLogger - Using platform encoding (Cp1252 actually) to copy filtered resources, i.e. build is platform dependent!
2017-03-12 18:02:30,708 [Worker-20] INFO  o.e.m.c.i.embedder.EclipseLogger - Copying 0 resource
2017-03-12 18:02:30,711 [Worker-20] WARN  o.e.m.c.i.embedder.EclipseLogger - Using platform encoding (Cp1252 actually) to copy filtered resources, i.e. build is platform dependent!
2017-03-12 18:02:30,715 [Worker-20] INFO  o.e.m.c.i.embedder.EclipseLogger - skip non existing resourceDirectory E:\DevOps\Project2\online-collaboration\Online-Collaborate\src\test\resources
2017-03-12 18:03:21,562 [Worker-29] WARN  o.e.m.c.i.embedder.EclipseLogger - Using platform encoding (Cp1252 actually) to copy filtered resources, i.e. build is platform dependent!
2017-03-12 18:03:21,565 [Worker-29] INFO  o.e.m.c.i.embedder.EclipseLogger - Copying 0 resource
2017-03-12 18:03:21,567 [Worker-29] WARN  o.e.m.c.i.embedder.EclipseLogger - Using platform encoding (Cp1252 actually) to copy filtered resources, i.e. build is platform dependent!
2017-03-12 18:03:21,569 [Worker-29] INFO  o.e.m.c.i.embedder.EclipseLogger - skip non existing resourceDirectory E:\DevOps\Project2\online-collaboration\Online-Collaborate\src\test\resources
2017-03-12 18:04:58,732 [ModalContext] INFO  o.e.m.c.i.e.AbstractTransferListenerAdapter - Downloaded https://repo.maven.apache.org/maven2/org/apache/maven/plugins///-.pom
2017-03-12 18:04:59,643 [ModalContext] WARN  o.e.m.c.i.embedder.EclipseLogger - The POM for org.apache.maven.plugins::jar: is missing, no dependency information available
2017-03-12 18:05:02,065 [ModalContext] INFO  o.e.m.c.i.e.AbstractTransferListenerAdapter - Downloaded https://repo.maven.apache.org/maven2/org/apache/maven/plugins///-.jar
2017-03-12 18:05:02,070 [ModalContext] WARN  o.e.m.e.x.i.m.MojoParameterMetadataProvider - Plugin org.apache.maven.plugins:: or one of its dependencies could not be resolved: Could not find artifact org.apache.maven.plugins::jar: in central (https://repo.maven.apache.org/maven2)
2017-03-12 18:05:47,669 [Worker-20] INFO  o.e.m.c.i.l.LifecycleMappingFactory - Using org.maven.ide.eclipse.wtp.WarLifecycleMapping lifecycle mapping for MavenProject: com.coll:Online-Collaborate:0.0.1-SNAPSHOT @ E:\DevOps\Project2\online-collaboration\Online-Collaborate\pom.xml.
2017-03-12 18:05:48,277 [Worker-20] WARN  o.e.m.c.i.embedder.EclipseLogger - Using platform encoding (Cp1252 actually) to copy filtered resources, i.e. build is platform dependent!
2017-03-12 18:05:48,282 [Worker-20] INFO  o.e.m.c.i.embedder.EclipseLogger - Copying 0 resource
2017-03-12 18:05:48,286 [Worker-20] WARN  o.e.m.c.i.embedder.EclipseLogger - Using platform encoding (Cp1252 actually) to copy filtered resources, i.e. build is platform dependent!
2017-03-12 18:05:48,288 [Worker-20] INFO  o.e.m.c.i.embedder.EclipseLogger - skip non existing resourceDirectory E:\DevOps\Project2\online-collaboration\Online-Collaborate\src\test\resources
2017-03-12 18:05:48,289 [Worker-20] INFO  o.e.m.w.i.f.ResourceFilteringBuildParticipant - Changed resources require a complete clean of filtered resources of Online-Collaborate
2017-03-12 18:05:48,290 [Worker-20] INFO  o.e.m.w.i.f.ResourceFilteringBuildParticipant - Executing resource filtering for Online-Collaborate
2017-03-12 18:05:48,297 [Worker-20] WARN  o.e.m.c.i.embedder.EclipseLogger - Using platform encoding (Cp1252 actually) to copy filtered resources, i.e. build is platform dependent!
2017-03-12 18:06:38,600 [Worker-22] INFO  o.e.m.c.i.l.LifecycleMappingFactory - Using org.maven.ide.eclipse.wtp.WarLifecycleMapping lifecycle mapping for MavenProject: com.coll:Online-Collaborate:0.0.1-SNAPSHOT @ E:\DevOps\Project2\online-collaboration\Online-Collaborate\pom.xml.
2017-03-12 18:06:39,295 [Worker-22] WARN  o.e.m.c.i.embedder.EclipseLogger - Using platform encoding (Cp1252 actually) to copy filtered resources, i.e. build is platform dependent!
2017-03-12 18:06:39,301 [Worker-22] INFO  o.e.m.c.i.embedder.EclipseLogger - Copying 0 resource
2017-03-12 18:06:39,304 [Worker-22] WARN  o.e.m.c.i.embedder.EclipseLogger - Using platform encoding (Cp1252 actually) to copy filtered resources, i.e. build is platform dependent!
2017-03-12 18:06:39,307 [Worker-22] INFO  o.e.m.c.i.embedder.EclipseLogger - skip non existing resourceDirectory E:\DevOps\Project2\online-collaboration\Online-Collaborate\src\test\resources
2017-03-12 18:06:39,307 [Worker-22] INFO  o.e.m.w.i.f.ResourceFilteringBuildParticipant - Changed resources require a complete clean of filtered resources of Online-Collaborate
2017-03-12 18:06:39,308 [Worker-22] INFO  o.e.m.w.i.f.ResourceFilteringBuildParticipant - Executing resource filtering for Online-Collaborate
2017-03-12 18:06:39,314 [Worker-22] WARN  o.e.m.c.i.embedder.EclipseLogger - Using platform encoding (Cp1252 actually) to copy filtered resources, i.e. build is platform dependent!
2017-03-12 18:06:41,189 [Worker-19] WARN  o.e.m.c.i.embedder.EclipseLogger - Using platform encoding (Cp1252 actually) to copy filtered resources, i.e. build is platform dependent!
2017-03-12 18:06:41,192 [Worker-19] INFO  o.e.m.c.i.embedder.EclipseLogger - Copying 0 resource
2017-03-12 18:06:41,195 [Worker-19] WARN  o.e.m.c.i.embedder.EclipseLogger - Using platform encoding (Cp1252 actually) to copy filtered resources, i.e. build is platform dependent!
2017-03-12 18:06:41,199 [Worker-19] INFO  o.e.m.c.i.embedder.EclipseLogger - skip non existing resourceDirectory E:\DevOps\Project2\online-collaboration\Online-Collaborate\src\test\resources
2017-03-12 18:07:10,659 [Worker-26] INFO  o.e.m.c.i.l.LifecycleMappingFactory - Using org.maven.ide.eclipse.wtp.WarLifecycleMapping lifecycle mapping for MavenProject: com.coll:Online-Collaborate:0.0.1-SNAPSHOT @ E:\DevOps\Project2\online-collaboration\Online-Collaborate\pom.xml.
2017-03-12 18:07:11,296 [Worker-26] WARN  o.e.m.c.i.embedder.EclipseLogger - Using platform encoding (Cp1252 actually) to copy filtered resources, i.e. build is platform dependent!
2017-03-12 18:07:11,301 [Worker-26] INFO  o.e.m.c.i.embedder.EclipseLogger - Copying 0 resource
2017-03-12 18:07:11,304 [Worker-26] WARN  o.e.m.c.i.embedder.EclipseLogger - Using platform encoding (Cp1252 actually) to copy filtered resources, i.e. build is platform dependent!
2017-03-12 18:07:11,308 [Worker-26] INFO  o.e.m.c.i.embedder.EclipseLogger - skip non existing resourceDirectory E:\DevOps\Project2\online-collaboration\Online-Collaborate\src\test\resources
2017-03-12 18:07:11,308 [Worker-26] INFO  o.e.m.w.i.f.ResourceFilteringBuildParticipant - Changed resources require a complete clean of filtered resources of Online-Collaborate
2017-03-12 18:07:11,308 [Worker-26] INFO  o.e.m.w.i.f.ResourceFilteringBuildParticipant - Executing resource filtering for Online-Collaborate
2017-03-12 18:07:11,314 [Worker-26] WARN  o.e.m.c.i.embedder.EclipseLogger - Using platform encoding (Cp1252 actually) to copy filtered resources, i.e. build is platform dependent!
2017-03-12 18:08:09,560 [Worker-23] INFO  o.e.m.c.i.l.LifecycleMappingFactory - Using org.maven.ide.eclipse.wtp.WarLifecycleMapping lifecycle mapping for MavenProject: com.coll:Online-Collaborate:0.0.1-SNAPSHOT @ E:\DevOps\Project2\online-collaboration\Online-Collaborate\pom.xml.
2017-03-12 18:08:10,275 [Worker-23] WARN  o.e.m.c.i.embedder.EclipseLogger - Using platform encoding (Cp1252 actually) to copy filtered resources, i.e. build is platform dependent!
2017-03-12 18:08:10,280 [Worker-23] INFO  o.e.m.c.i.embedder.EclipseLogger - Copying 0 resource
2017-03-12 18:08:10,282 [Worker-23] WARN  o.e.m.c.i.embedder.EclipseLogger - Using platform encoding (Cp1252 actually) to copy filtered resources, i.e. build is platform dependent!
2017-03-12 18:08:10,285 [Worker-23] INFO  o.e.m.c.i.embedder.EclipseLogger - skip non existing resourceDirectory E:\DevOps\Project2\online-collaboration\Online-Collaborate\src\test\resources
2017-03-12 18:08:10,285 [Worker-23] INFO  o.e.m.w.i.f.ResourceFilteringBuildParticipant - Changed resources require a complete clean of filtered resources of Online-Collaborate
2017-03-12 18:08:10,285 [Worker-23] INFO  o.e.m.w.i.f.ResourceFilteringBuildParticipant - Executing resource filtering for Online-Collaborate
2017-03-12 18:08:10,290 [Worker-23] WARN  o.e.m.c.i.embedder.EclipseLogger - Using platform encoding (Cp1252 actually) to copy filtered resources, i.e. build is platform dependent!
2017-03-12 18:08:11,608 [Worker-23] WARN  o.e.m.c.i.embedder.EclipseLogger - Using platform encoding (Cp1252 actually) to copy filtered resources, i.e. build is platform dependent!
2017-03-12 18:08:11,615 [Worker-23] INFO  o.e.m.c.i.embedder.EclipseLogger - Copying 0 resource
2017-03-12 18:08:11,619 [Worker-23] WARN  o.e.m.c.i.embedder.EclipseLogger - Using platform encoding (Cp1252 actually) to copy filtered resources, i.e. build is platform dependent!
2017-03-12 18:08:11,622 [Worker-23] INFO  o.e.m.c.i.embedder.EclipseLogger - skip non existing resourceDirectory E:\DevOps\Project2\online-collaboration\Online-Collaborate\src\test\resources
2017-03-12 18:10:19,507 [Worker-29] WARN  o.e.m.c.i.embedder.EclipseLogger - Using platform encoding (Cp1252 actually) to copy filtered resources, i.e. build is platform dependent!
2017-03-12 18:10:19,513 [Worker-29] INFO  o.e.m.c.i.embedder.EclipseLogger - Copying 0 resource
2017-03-12 18:10:19,516 [Worker-29] WARN  o.e.m.c.i.embedder.EclipseLogger - Using platform encoding (Cp1252 actually) to copy filtered resources, i.e. build is platform dependent!
2017-03-12 18:10:19,522 [Worker-29] INFO  o.e.m.c.i.embedder.EclipseLogger - skip non existing resourceDirectory E:\DevOps\Project2\online-collaboration\Online-Collaborate\src\test\resources
2017-03-12 18:10:52,427 [Worker-17] WARN  o.e.m.c.i.embedder.EclipseLogger - Using platform encoding (Cp1252 actually) to copy filtered resources, i.e. build is platform dependent!
2017-03-12 18:10:52,431 [Worker-17] INFO  o.e.m.c.i.embedder.EclipseLogger - Copying 0 resource
2017-03-12 18:10:52,433 [Worker-17] WARN  o.e.m.c.i.embedder.EclipseLogger - Using platform encoding (Cp1252 actually) to copy filtered resources, i.e. build is platform dependent!
2017-03-12 18:10:52,436 [Worker-17] INFO  o.e.m.c.i.embedder.EclipseLogger - skip non existing resourceDirectory E:\DevOps\Project2\online-collaboration\Online-Collaborate\src\test\resources
2017-03-12 18:14:41,958 [Worker-37] WARN  o.e.m.c.i.embedder.EclipseLogger - Using platform encoding (Cp1252 actually) to copy filtered resources, i.e. build is platform dependent!
2017-03-12 18:14:41,966 [Worker-37] INFO  o.e.m.c.i.embedder.EclipseLogger - Copying 0 resource
2017-03-12 18:14:41,968 [Worker-37] WARN  o.e.m.c.i.embedder.EclipseLogger - Using platform encoding (Cp1252 actually) to copy filtered resources, i.e. build is platform dependent!
2017-03-12 18:14:41,972 [Worker-37] INFO  o.e.m.c.i.embedder.EclipseLogger - skip non existing resourceDirectory E:\DevOps\Project2\online-collaboration\Online-Collaborate\src\test\resources
2017-03-12 18:15:15,913 [Worker-38] WARN  o.e.m.c.i.embedder.EclipseLogger - Using platform encoding (Cp1252 actually) to copy filtered resources, i.e. build is platform dependent!
2017-03-12 18:15:15,917 [Worker-38] INFO  o.e.m.c.i.embedder.EclipseLogger - Copying 0 resource
2017-03-12 18:15:15,919 [Worker-38] WARN  o.e.m.c.i.embedder.EclipseLogger - Using platform encoding (Cp1252 actually) to copy filtered resources, i.e. build is platform dependent!
2017-03-12 18:15:15,922 [Worker-38] INFO  o.e.m.c.i.embedder.EclipseLogger - skip non existing resourceDirectory E:\DevOps\Project2\online-collaboration\Online-Collaborate\src\test\resources
2017-03-12 18:16:08,582 [Worker-40] WARN  o.e.m.c.i.embedder.EclipseLogger - Using platform encoding (Cp1252 actually) to copy filtered resources, i.e. build is platform dependent!
2017-03-12 18:16:08,587 [Worker-40] INFO  o.e.m.c.i.embedder.EclipseLogger - Copying 0 resource
2017-03-12 18:16:08,588 [Worker-40] WARN  o.e.m.c.i.embedder.EclipseLogger - Using platform encoding (Cp1252 actually) to copy filtered resources, i.e. build is platform dependent!
2017-03-12 18:16:08,592 [Worker-40] INFO  o.e.m.c.i.embedder.EclipseLogger - skip non existing resourceDirectory E:\DevOps\Project2\online-collaboration\Online-Collaborate\src\test\resources
2017-03-12 18:16:09,653 [Worker-36] WARN  o.e.m.c.i.embedder.EclipseLogger - Using platform encoding (Cp1252 actually) to copy filtered resources, i.e. build is platform dependent!
2017-03-12 18:16:09,656 [Worker-36] INFO  o.e.m.c.i.embedder.EclipseLogger - Copying 0 resource
2017-03-12 18:16:09,658 [Worker-36] WARN  o.e.m.c.i.embedder.EclipseLogger - Using platform encoding (Cp1252 actually) to copy filtered resources, i.e. build is platform dependent!
2017-03-12 18:16:09,661 [Worker-36] INFO  o.e.m.c.i.embedder.EclipseLogger - skip non existing resourceDirectory E:\DevOps\Project2\online-collaboration\Online-Collaborate\src\test\resources
2017-03-12 18:17:03,377 [Worker-36] WARN  o.e.m.c.i.embedder.EclipseLogger - Using platform encoding (Cp1252 actually) to copy filtered resources, i.e. build is platform dependent!
2017-03-12 18:17:03,381 [Worker-36] INFO  o.e.m.c.i.embedder.EclipseLogger - Copying 0 resource
2017-03-12 18:17:03,387 [Worker-36] WARN  o.e.m.c.i.embedder.EclipseLogger - Using platform encoding (Cp1252 actually) to copy filtered resources, i.e. build is platform dependent!
2017-03-12 18:17:03,390 [Worker-36] INFO  o.e.m.c.i.embedder.EclipseLogger - skip non existing resourceDirectory E:\DevOps\Project2\online-collaboration\Online-Collaborate\src\test\resources
2017-03-12 18:18:43,390 [Worker-37] WARN  o.e.m.c.i.embedder.EclipseLogger - Using platform encoding (Cp1252 actually) to copy filtered resources, i.e. build is platform dependent!
2017-03-12 18:18:43,394 [Worker-37] INFO  o.e.m.c.i.embedder.EclipseLogger - Copying 0 resource
2017-03-12 18:18:43,396 [Worker-37] WARN  o.e.m.c.i.embedder.EclipseLogger - Using platform encoding (Cp1252 actually) to copy filtered resources, i.e. build is platform dependent!
2017-03-12 18:18:43,398 [Worker-37] INFO  o.e.m.c.i.embedder.EclipseLogger - skip non existing resourceDirectory E:\DevOps\Project2\online-collaboration\Online-Collaborate\src\test\resources
2017-03-12 18:18:49,361 [Worker-36] WARN  o.e.m.c.i.embedder.EclipseLogger - Using platform encoding (Cp1252 actually) to copy filtered resources, i.e. build is platform dependent!
2017-03-12 18:18:49,364 [Worker-36] INFO  o.e.m.c.i.embedder.EclipseLogger - Copying 0 resource
2017-03-12 18:18:49,366 [Worker-36] WARN  o.e.m.c.i.embedder.EclipseLogger - Using platform encoding (Cp1252 actually) to copy filtered resources, i.e. build is platform dependent!
2017-03-12 18:18:49,370 [Worker-36] INFO  o.e.m.c.i.embedder.EclipseLogger - skip non existing resourceDirectory E:\DevOps\Project2\online-collaboration\Online-Collaborate\src\test\resources
2017-03-12 18:20:15,614 [Worker-44] WARN  o.e.m.c.i.embedder.EclipseLogger - Using platform encoding (Cp1252 actually) to copy filtered resources, i.e. build is platform dependent!
2017-03-12 18:20:15,618 [Worker-44] INFO  o.e.m.c.i.embedder.EclipseLogger - Copying 0 resource
2017-03-12 18:20:15,619 [Worker-44] WARN  o.e.m.c.i.embedder.EclipseLogger - Using platform encoding (Cp1252 actually) to copy filtered resources, i.e. build is platform dependent!
2017-03-12 18:20:15,622 [Worker-44] INFO  o.e.m.c.i.embedder.EclipseLogger - skip non existing resourceDirectory E:\DevOps\Project2\online-collaboration\Online-Collaborate\src\test\resources
2017-03-12 18:20:41,142 [Worker-41] WARN  o.e.m.c.i.embedder.EclipseLogger - Using platform encoding (Cp1252 actually) to copy filtered resources, i.e. build is platform dependent!
2017-03-12 18:20:41,145 [Worker-41] INFO  o.e.m.c.i.embedder.EclipseLogger - Copying 0 resource
2017-03-12 18:20:41,146 [Worker-41] WARN  o.e.m.c.i.embedder.EclipseLogger - Using platform encoding (Cp1252 actually) to copy filtered resources, i.e. build is platform dependent!
2017-03-12 18:20:41,149 [Worker-41] INFO  o.e.m.c.i.embedder.EclipseLogger - skip non existing resourceDirectory E:\DevOps\Project2\online-collaboration\Online-Collaborate\src\test\resources
2017-03-12 18:21:06,200 [Worker-40] WARN  o.e.m.c.i.embedder.EclipseLogger - Using platform encoding (Cp1252 actually) to copy filtered resources, i.e. build is platform dependent!
2017-03-12 18:21:06,204 [Worker-40] INFO  o.e.m.c.i.embedder.EclipseLogger - Copying 0 resource
2017-03-12 18:21:06,205 [Worker-40] WARN  o.e.m.c.i.embedder.EclipseLogger - Using platform encoding (Cp1252 actually) to copy filtered resources, i.e. build is platform dependent!
2017-03-12 18:21:06,208 [Worker-40] INFO  o.e.m.c.i.embedder.EclipseLogger - skip non existing resourceDirectory E:\DevOps\Project2\online-collaboration\Online-Collaborate\src\test\resources
2017-03-12 18:21:24,899 [Worker-41] WARN  o.e.m.c.i.embedder.EclipseLogger - Using platform encoding (Cp1252 actually) to copy filtered resources, i.e. build is platform dependent!
2017-03-12 18:21:24,903 [Worker-41] INFO  o.e.m.c.i.embedder.EclipseLogger - Copying 0 resource
2017-03-12 18:21:24,905 [Worker-41] WARN  o.e.m.c.i.embedder.EclipseLogger - Using platform encoding (Cp1252 actually) to copy filtered resources, i.e. build is platform dependent!
2017-03-12 18:21:24,908 [Worker-41] INFO  o.e.m.c.i.embedder.EclipseLogger - skip non existing resourceDirectory E:\DevOps\Project2\online-collaboration\Online-Collaborate\src\test\resources
2017-03-12 18:21:52,892 [Worker-39] INFO  o.e.m.c.i.p.ProjectConfigurationManager - Update started
2017-03-12 18:21:53,297 [Worker-39] INFO  o.e.m.c.i.l.LifecycleMappingFactory - Using org.maven.ide.eclipse.wtp.WarLifecycleMapping lifecycle mapping for MavenProject: com.coll:Online-Collaborate:0.0.1-SNAPSHOT @ E:\DevOps\Project2\online-collaboration\Online-Collaborate\pom.xml.
2017-03-12 18:21:54,012 [Worker-39] INFO  o.e.m.j.i.AbstractJavaProjectConfigurator - Adding source folder /Online-Collaborate/src/main/java
2017-03-12 18:21:54,012 [Worker-39] INFO  o.e.m.j.i.AbstractJavaProjectConfigurator - Adding resource folder /Online-Collaborate/src/main/resources
2017-03-12 18:21:54,013 [Worker-39] INFO  o.e.m.j.i.AbstractJavaProjectConfigurator - Adding source folder /Online-Collaborate/src/test/java
2017-03-12 18:21:56,848 [Worker-39] INFO  o.e.m.w.i.f.ResourceFilteringBuildParticipant - Cleaning filtered folder for Online-Collaborate
2017-03-12 18:21:56,878 [Worker-39] INFO  o.e.m.c.i.p.ProjectConfigurationManager - Update completed: 3 sec
2017-03-12 18:21:57,493 [Worker-39] WARN  o.e.m.c.i.embedder.EclipseLogger - Using platform encoding (Cp1252 actually) to copy filtered resources, i.e. build is platform dependent!
2017-03-12 18:21:57,497 [Worker-39] INFO  o.e.m.c.i.embedder.EclipseLogger - Copying 0 resource
2017-03-12 18:21:57,499 [Worker-39] WARN  o.e.m.c.i.embedder.EclipseLogger - Using platform encoding (Cp1252 actually) to copy filtered resources, i.e. build is platform dependent!
2017-03-12 18:21:57,503 [Worker-39] INFO  o.e.m.c.i.embedder.EclipseLogger - skip non existing resourceDirectory E:\DevOps\Project2\online-collaboration\Online-Collaborate\src\test\resources
2017-03-12 18:21:57,503 [Worker-39] INFO  o.e.m.w.i.f.ResourceFilteringBuildParticipant - Changed resources require a complete clean of filtered resources of Online-Collaborate
2017-03-12 18:21:57,503 [Worker-39] INFO  o.e.m.w.i.f.ResourceFilteringBuildParticipant - Executing resource filtering for Online-Collaborate
2017-03-12 18:21:57,511 [Worker-39] WARN  o.e.m.c.i.embedder.EclipseLogger - Using platform encoding (Cp1252 actually) to copy filtered resources, i.e. build is platform dependent!
2017-03-12 18:22:09,709 [Worker-40] WARN  o.e.m.c.i.embedder.EclipseLogger - Using platform encoding (Cp1252 actually) to copy filtered resources, i.e. build is platform dependent!
2017-03-12 18:22:09,716 [Worker-40] INFO  o.e.m.c.i.embedder.EclipseLogger - Copying 0 resource
2017-03-12 18:22:09,718 [Worker-40] WARN  o.e.m.c.i.embedder.EclipseLogger - Using platform encoding (Cp1252 actually) to copy filtered resources, i.e. build is platform dependent!
2017-03-12 18:22:09,721 [Worker-40] INFO  o.e.m.c.i.embedder.EclipseLogger - skip non existing resourceDirectory E:\DevOps\Project2\online-collaboration\Online-Collaborate\src\test\resources
2017-03-12 18:26:55,034 [Worker-39] WARN  o.e.m.c.i.embedder.EclipseLogger - Using platform encoding (Cp1252 actually) to copy filtered resources, i.e. build is platform dependent!
2017-03-12 18:26:55,039 [Worker-39] INFO  o.e.m.c.i.embedder.EclipseLogger - Copying 0 resource
2017-03-12 18:26:55,042 [Worker-39] WARN  o.e.m.c.i.embedder.EclipseLogger - Using platform encoding (Cp1252 actually) to copy filtered resources, i.e. build is platform dependent!
2017-03-12 18:26:55,044 [Worker-39] INFO  o.e.m.c.i.embedder.EclipseLogger - skip non existing resourceDirectory E:\DevOps\Project2\online-collaboration\Online-Collaborate\src\test\resources
